{"Z:\\Users\\jan22\\CodeProjects\\S6-ReactWeb-SS20\\Assignment10\\src\\PaginatedList.tsx": {"path":"Z:\\Users\\jan22\\CodeProjects\\S6-ReactWeb-SS20\\Assignment10\\src\\PaginatedList.tsx","statementMap":{"0":{"start":{"line":4,"column":29},"end":{"line":5,"column":103}},"1":{"start":{"line":5,"column":4},"end":{"line":5,"column":103}},"2":{"start":{"line":5,"column":54},"end":{"line":5,"column":96}}},"fnMap":{"0":{"name":"(anonymous_0)","decl":{"start":{"line":4,"column":29},"end":{"line":4,"column":30}},"loc":{"start":{"line":5,"column":4},"end":{"line":5,"column":103}},"line":5},"1":{"name":"(anonymous_1)","decl":{"start":{"line":5,"column":39},"end":{"line":5,"column":40}},"loc":{"start":{"line":5,"column":54},"end":{"line":5,"column":96}},"line":5}},"branchMap":{},"s":{"0":1,"1":1,"2":12},"f":{"0":1,"1":12},"b":{},"_coverageSchema":"1a1c01bbd47fc00a2c39e90264f33305004495a9","hash":"cd05eb780be6a321e39232222428b804e73b46cc"}
,"Z:\\Users\\jan22\\CodeProjects\\S6-ReactWeb-SS20\\Assignment10\\src\\Pagination.tsx": {"path":"Z:\\Users\\jan22\\CodeProjects\\S6-ReactWeb-SS20\\Assignment10\\src\\Pagination.tsx","statementMap":{"0":{"start":{"line":5,"column":26},"end":{"line":18,"column":1}},"1":{"start":{"line":6,"column":21},"end":{"line":9,"column":5}},"2":{"start":{"line":7,"column":20},"end":{"line":7,"column":50}},"3":{"start":{"line":8,"column":8},"end":{"line":8,"column":66}},"4":{"start":{"line":10,"column":4},"end":{"line":17,"column":5}},"5":{"start":{"line":12,"column":97},"end":{"line":12,"column":114}},"6":{"start":{"line":15,"column":69},"end":{"line":15,"column":86}}},"fnMap":{"0":{"name":"(anonymous_0)","decl":{"start":{"line":5,"column":26},"end":{"line":5,"column":27}},"loc":{"start":{"line":5,"column":79},"end":{"line":18,"column":1}},"line":5},"1":{"name":"(anonymous_1)","decl":{"start":{"line":6,"column":21},"end":{"line":6,"column":22}},"loc":{"start":{"line":6,"column":43},"end":{"line":9,"column":5}},"line":6},"2":{"name":"(anonymous_2)","decl":{"start":{"line":12,"column":91},"end":{"line":12,"column":92}},"loc":{"start":{"line":12,"column":97},"end":{"line":12,"column":114}},"line":12},"3":{"name":"(anonymous_3)","decl":{"start":{"line":15,"column":63},"end":{"line":15,"column":64}},"loc":{"start":{"line":15,"column":69},"end":{"line":15,"column":86}},"line":15}},"branchMap":{"0":{"loc":{"start":{"line":6,"column":22},"end":{"line":6,"column":38}},"type":"default-arg","locations":[{"start":{"line":6,"column":33},"end":{"line":6,"column":38}}],"line":6},"1":{"loc":{"start":{"line":7,"column":20},"end":{"line":7,"column":50}},"type":"cond-expr","locations":[{"start":{"line":7,"column":32},"end":{"line":7,"column":41}},{"start":{"line":7,"column":44},"end":{"line":7,"column":50}}],"line":7}},"s":{"0":1,"1":3,"2":6,"3":6,"4":3,"5":1,"6":1},"f":{"0":3,"1":6,"2":1,"3":1},"b":{"0":[3],"1":[4,2]},"_coverageSchema":"1a1c01bbd47fc00a2c39e90264f33305004495a9","hash":"12be25ade3e33e3995252b35535a1451c1478f62"}
,"Z:\\Users\\jan22\\CodeProjects\\S6-ReactWeb-SS20\\Assignment10\\src\\repository.ts": {"path":"Z:\\Users\\jan22\\CodeProjects\\S6-ReactWeb-SS20\\Assignment10\\src\\repository.ts","statementMap":{"0":{"start":{"line":1,"column":25},"end":{"line":1,"column":27}},"1":{"start":{"line":2,"column":35},"end":{"line":9,"column":1}},"2":{"start":{"line":3,"column":23},"end":{"line":3,"column":40}},"3":{"start":{"line":4,"column":16},"end":{"line":4,"column":18}},"4":{"start":{"line":5,"column":4},"end":{"line":7,"column":5}},"5":{"start":{"line":5,"column":17},"end":{"line":5,"column":18}},"6":{"start":{"line":6,"column":8},"end":{"line":6,"column":32}},"7":{"start":{"line":8,"column":4},"end":{"line":8,"column":15}}},"fnMap":{"0":{"name":"(anonymous_0)","decl":{"start":{"line":2,"column":35},"end":{"line":2,"column":36}},"loc":{"start":{"line":2,"column":55},"end":{"line":9,"column":1}},"line":2}},"branchMap":{},"s":{"0":2,"1":2,"2":2,"3":2,"4":2,"5":2,"6":24,"7":2},"f":{"0":2},"b":{},"_coverageSchema":"1a1c01bbd47fc00a2c39e90264f33305004495a9","hash":"dd0b164c51026e25ad178dc718ddccf295a7f1fc"}
}
