TN:
SF:src\PaginatedList.tsx
FN:4,(anonymous_0)
FN:5,(anonymous_1)
FNF:2
FNH:2
FNDA:1,(anonymous_0)
FNDA:12,(anonymous_1)
DA:4,1
DA:5,12
LF:2
LH:2
BRF:0
BRH:0
end_of_record
TN:
SF:src\Pagination.tsx
FN:5,(anonymous_0)
FN:6,(anonymous_1)
FN:12,(anonymous_2)
FN:15,(anonymous_3)
FNF:4
FNH:4
FNDA:3,(anonymous_0)
FNDA:6,(anonymous_1)
FNDA:1,(anonymous_2)
FNDA:1,(anonymous_3)
DA:5,1
DA:6,3
DA:7,6
DA:8,6
DA:10,3
DA:12,1
DA:15,1
LF:7
LH:7
BRDA:6,0,0,3
BRDA:7,1,0,4
BRDA:7,1,1,2
BRF:3
BRH:3
end_of_record
TN:
SF:src\repository.ts
FN:2,(anonymous_0)
FNF:1
FNH:1
FNDA:2,(anonymous_0)
DA:1,2
DA:2,2
DA:3,2
DA:4,2
DA:5,2
DA:6,24
DA:8,2
LF:7
LH:7
BRF:0
BRH:0
end_of_record
